[09/24/2022 08:10:46] Debug: Session id: e4347d93-ab81-4b68-98e5-e298cd9b5709
[09/24/2022 08:10:46] Debug: Code Processor information: Name :SnowConvert, Version: 9.0.49.0
[09/24/2022 08:10:47] Debug: Getting license
[09/24/2022 08:10:47] Debug: License information
	Status: Failed
	Message: No active license available.
[09/24/2022 08:10:47] Info: Starting to validate parameters
[09/24/2022 08:10:47] Info: Parameters to validate: 
	Execution mode: Conversion
	LICENSE_KEY: a3372138-b87e-4a08-b929-3b48b24c63f1
[09/24/2022 08:10:47] Info: Validation of parameters: Success
[09/24/2022 08:10:47] Debug: Getting code descriptor
[09/24/2022 08:10:47] Debug: Code descriptor information
	Units: 51
	Units type: LOC
	All file bytes: 2141
	All found extensions: .sql,.dml,.ddl,.bteq,.btq,.fl,.fload,.ml,.mload,.mld,.tp,.tpump,.tpt
[09/24/2022 08:10:47] Debug: Calculating fingerprint
[09/24/2022 08:10:47] Debug: Fingerprint information Fingerprint(size=2141,projects=1)
[09/24/2022 08:10:47] Info: Starting to try to validate online license for execution
[09/24/2022 08:10:49] Debug: Getting license
[09/24/2022 08:10:49] Debug: License information
	Status: Failed
	Message: No active license available.
[09/24/2022 08:10:49] Debug: Starting the execution of the controller
[09/24/2022 08:10:50] Debug: Executing the worker: SnowConvert
[09/24/2022 08:11:00] Debug: Finished executing the worker: SnowConvert
[09/24/2022 08:11:02] Info: Controller execution ended
